\BOOKMARK [0][-]{chapter.1}{\376\377\000I\000n\000t\000r\000o\000d\000u\000c\000t\000i\000o\000n}{}% 1
\BOOKMARK [1][-]{section.1.1}{\376\377\000C\000o\000n\000t\000e\000x\000t\000e\000\040\000d\000u\000\040\000p\000r\000o\000j\000e\000t}{chapter.1}% 2
\BOOKMARK [1][-]{section.1.2}{\376\377\000O\000b\000j\000e\000c\000t\000i\000f\000s}{chapter.1}% 3
\BOOKMARK [1][-]{section.1.3}{\376\377\000T\000e\000c\000h\000n\000o\000l\000o\000g\000i\000e\000s\000\040\000u\000t\000i\000l\000i\000s\000\351\000e\000s}{chapter.1}% 4
\BOOKMARK [0][-]{chapter.2}{\376\377\000A\000r\000c\000h\000i\000t\000e\000c\000t\000u\000r\000e\000\040\000d\000u\000\040\000S\000y\000s\000t\000\350\000m\000e}{}% 5
\BOOKMARK [1][-]{section.2.1}{\376\377\000V\000u\000e\000\040\000d\000'\000e\000n\000s\000e\000m\000b\000l\000e\000\040\000d\000e\000\040\000l\000'\000a\000r\000c\000h\000i\000t\000e\000c\000t\000u\000r\000e}{chapter.2}% 6
\BOOKMARK [1][-]{section.2.2}{\376\377\000A\000r\000c\000h\000i\000t\000e\000c\000t\000u\000r\000e\000\040\000D\000o\000c\000k\000e\000r}{chapter.2}% 7
\BOOKMARK [2][-]{subsection.2.2.1}{\376\377\000S\000e\000r\000v\000i\000c\000e\000\040\000S\000e\000r\000v\000e\000u\000r\000\040\000\050\000B\000a\000c\000k\000e\000n\000d\000\040\000I\000A\000\051}{section.2.2}% 8
\BOOKMARK [2][-]{subsection.2.2.2}{\376\377\000S\000e\000r\000v\000i\000c\000e\000\040\000M\000L\000f\000l\000o\000w}{section.2.2}% 9
\BOOKMARK [2][-]{subsection.2.2.3}{\376\377\000S\000e\000r\000v\000i\000c\000e\000\040\000C\000l\000i\000e\000n\000t\000\040\000\050\000P\000r\000o\000x\000y\000\040\000i\000n\000v\000e\000r\000s\000e\000\051}{section.2.2}% 10
\BOOKMARK [1][-]{section.2.3}{\376\377\000C\000o\000m\000m\000u\000n\000i\000c\000a\000t\000i\000o\000n\000\040\000t\000e\000m\000p\000s\000\040\000r\000\351\000e\000l\000\040\000\050\000W\000e\000b\000R\000T\000C\000\051}{chapter.2}% 11
\BOOKMARK [1][-]{section.2.4}{\376\377\000S\000y\000s\000t\000\350\000m\000e\000\040\000m\000u\000l\000t\000i\000-\000d\000o\000m\000a\000i\000n\000e}{chapter.2}% 12
\BOOKMARK [0][-]{chapter.3}{\376\377\000P\000r\000\351\000p\000a\000r\000a\000t\000i\000o\000n\000\040\000d\000e\000s\000\040\000D\000o\000n\000n\000\351\000e\000s}{}% 13
\BOOKMARK [1][-]{section.3.1}{\376\377\000F\000o\000r\000m\000a\000t\000\040\000d\000e\000s\000\040\000a\000n\000n\000o\000t\000a\000t\000i\000o\000n\000s}{chapter.3}% 14
\BOOKMARK [1][-]{section.3.2}{\376\377\000D\000i\000v\000i\000s\000i\000o\000n\000\040\000d\000u\000\040\000j\000e\000u\000\040\000d\000e\000\040\000d\000o\000n\000n\000\351\000e\000s}{chapter.3}% 15
\BOOKMARK [1][-]{section.3.3}{\376\377\000P\000i\000p\000e\000l\000i\000n\000e\000\040\000d\000'\000a\000u\000g\000m\000e\000n\000t\000a\000t\000i\000o\000n\000\040\000d\000e\000\040\000d\000o\000n\000n\000\351\000e\000s}{chapter.3}% 16
\BOOKMARK [2][-]{subsection.3.3.1}{\376\377\000T\000r\000a\000n\000s\000f\000o\000r\000m\000a\000t\000i\000o\000n\000s\000\040\000g\000\351\000o\000m\000\351\000t\000r\000i\000q\000u\000e\000s\000\040\000\050\0005\000\051}{section.3.3}% 17
\BOOKMARK [2][-]{subsection.3.3.2}{\376\377\000T\000r\000a\000n\000s\000f\000o\000r\000m\000a\000t\000i\000o\000n\000s\000\040\000p\000h\000o\000t\000o\000m\000\351\000t\000r\000i\000q\000u\000e\000s\000\040\000\050\0009\000\051}{section.3.3}% 18
\BOOKMARK [2][-]{subsection.3.3.3}{\376\377\000C\000o\000p\000y\000-\000P\000a\000s\000t\000e\000\040\000A\000u\000g\000m\000e\000n\000t\000a\000t\000i\000o\000n\000\040\000\050\000S\000O\000T\000A\000\051}{section.3.3}% 19
\BOOKMARK [1][-]{section.3.4}{\376\377\000C\000o\000n\000v\000e\000r\000s\000i\000o\000n\000\040\000a\000u\000\040\000f\000o\000r\000m\000a\000t\000\040\000Y\000O\000L\000O}{chapter.3}% 20
\BOOKMARK [0][-]{chapter.4}{\376\377\000P\000i\000p\000e\000l\000i\000n\000e\000\040\000d\000'\000E\000n\000t\000r\000a\000\356\000n\000e\000m\000e\000n\000t}{}% 21
\BOOKMARK [1][-]{section.4.1}{\376\377\000A\000r\000c\000h\000i\000t\000e\000c\000t\000u\000r\000e\000s\000\040\000d\000e\000\040\000m\000o\000d\000\350\000l\000e\000s}{chapter.4}% 22
\BOOKMARK [2][-]{subsection.4.1.1}{\376\377\000U\000-\000N\000e\000t\000\040\000a\000v\000e\000c\000\040\000e\000n\000c\000o\000d\000e\000u\000r\000\040\000R\000e\000s\000N\000e\000t\000-\0001\0008}{section.4.1}% 23
\BOOKMARK [2][-]{subsection.4.1.2}{\376\377\000S\000e\000g\000F\000o\000r\000m\000e\000r\000\040\000B\0000}{section.4.1}% 24
\BOOKMARK [2][-]{subsection.4.1.3}{\376\377\000D\000e\000e\000p\000L\000a\000b\000V\0003\000\040\000M\000o\000b\000i\000l\000e\000N\000e\000t}{section.4.1}% 25
\BOOKMARK [2][-]{subsection.4.1.4}{\376\377\000M\000o\000d\000\350\000l\000e\000s\000\040\000Y\000O\000L\000O\000\040\000\050\000U\000l\000t\000r\000a\000l\000y\000t\000i\000c\000s\000\051}{section.4.1}% 26
\BOOKMARK [1][-]{section.4.2}{\376\377\000B\000o\000u\000c\000l\000e\000\040\000d\000'\000e\000n\000t\000r\000a\000\356\000n\000e\000m\000e\000n\000t}{chapter.4}% 27
\BOOKMARK [2][-]{subsection.4.2.1}{\376\377\000F\000o\000n\000c\000t\000i\000o\000n\000s\000\040\000d\000e\000\040\000p\000e\000r\000t\000e\000\040\000c\000o\000m\000p\000o\000s\000i\000t\000e\000s}{section.4.2}% 28
\BOOKMARK [2][-]{subsection.4.2.2}{\376\377\000S\000t\000r\000a\000t\000\351\000g\000i\000e\000\040\000d\000'\000o\000p\000t\000i\000m\000i\000s\000a\000t\000i\000o\000n}{section.4.2}% 29
\BOOKMARK [2][-]{subsection.4.2.3}{\376\377\000M\000\351\000t\000r\000i\000q\000u\000e\000s\000\040\000d\000'\000\351\000v\000a\000l\000u\000a\000t\000i\000o\000n}{section.4.2}% 30
\BOOKMARK [2][-]{subsection.4.2.4}{\376\377\000M\000o\000n\000i\000t\000o\000r\000i\000n\000g\000\040\000m\000a\000t\000\351\000r\000i\000e\000l}{section.4.2}% 31
\BOOKMARK [0][-]{chapter.5}{\376\377\000R\000\351\000s\000u\000l\000t\000a\000t\000s\000\040\000d\000'\000E\000n\000t\000r\000a\000\356\000n\000e\000m\000e\000n\000t}{}% 32
\BOOKMARK [1][-]{section.5.1}{\376\377\000D\000o\000m\000a\000i\000n\000e\000\040\000S\000t\000a\000t\000o\000r}{chapter.5}% 33
\BOOKMARK [2][-]{subsection.5.1.1}{\376\377\000R\000\351\000s\000u\000l\000t\000a\000t\000s\000\040\000c\000o\000m\000p\000a\000r\000a\000t\000i\000f\000s}{section.5.1}% 34
\BOOKMARK [2][-]{subsection.5.1.2}{\376\377\000C\000o\000u\000r\000b\000e\000s\000\040\000d\000'\000e\000n\000t\000r\000a\000\356\000n\000e\000m\000e\000n\000t\000\040\040\024\000\040\000S\000t\000a\000t\000o\000r}{section.5.1}% 35
\BOOKMARK [1][-]{section.5.2}{\376\377\000D\000o\000m\000a\000i\000n\000e\000\040\000C\000h\000i\000g\000n\000o\000n}{chapter.5}% 36
\BOOKMARK [2][-]{subsection.5.2.1}{\376\377\000R\000\351\000s\000u\000l\000t\000a\000t\000s\000\040\000c\000o\000m\000p\000a\000r\000a\000t\000i\000f\000s}{section.5.2}% 37
\BOOKMARK [2][-]{subsection.5.2.2}{\376\377\000C\000o\000u\000r\000b\000e\000s\000\040\000d\000'\000e\000n\000t\000r\000a\000\356\000n\000e\000m\000e\000n\000t\000\040\040\024\000\040\000C\000h\000i\000g\000n\000o\000n}{section.5.2}% 38
\BOOKMARK [1][-]{section.5.3}{\376\377\000D\000o\000m\000a\000i\000n\000e\000\040\000F\000i\000l\000e\000s\000\040\000\050\000C\000\342\000b\000l\000e\000s\000\051}{chapter.5}% 39
\BOOKMARK [2][-]{subsection.5.3.1}{\376\377\000R\000\351\000s\000u\000l\000t\000a\000t\000s\000\040\000c\000o\000m\000p\000a\000r\000a\000t\000i\000f\000s\000\040\000e\000t\000\040\000a\000n\000a\000l\000y\000s\000e\000\040\000d\000e\000s\000\040\000\351\000c\000h\000e\000c\000s\000\040\000Y\000O\000L\000O}{section.5.3}% 40
\BOOKMARK [2][-]{subsection.5.3.2}{\376\377\000C\000o\000u\000r\000b\000e\000s\000\040\000d\000'\000e\000n\000t\000r\000a\000\356\000n\000e\000m\000e\000n\000t\000\040\040\024\000\040\000F\000i\000l\000e\000s}{section.5.3}% 41
\BOOKMARK [0][-]{chapter.6}{\376\377\000P\000i\000p\000e\000l\000i\000n\000e\000\040\000d\000e\000\040\000D\000\351\000t\000e\000c\000t\000i\000o\000n}{}% 42
\BOOKMARK [1][-]{section.6.1}{\376\377\000S\000o\000u\000r\000c\000e\000s\000\040\000d\000'\000e\000n\000t\000r\000\351\000e}{chapter.6}% 43
\BOOKMARK [1][-]{section.6.2}{\376\377\000P\000i\000p\000e\000l\000i\000n\000e\000\040\000d\000e\000\040\000d\000\351\000t\000e\000c\000t\000i\000o\000n\000\040\040\024\000\040\000S\000t\000a\000t\000o\000r}{chapter.6}% 44
\BOOKMARK [2][-]{subsection.6.2.1}{\376\377\000D\000\351\000c\000o\000u\000v\000e\000r\000t\000e\000\040\000a\000u\000t\000o\000m\000a\000t\000i\000q\000u\000e\000\040\000d\000e\000s\000\040\000m\000o\000d\000\350\000l\000e\000s}{section.6.2}% 45
\BOOKMARK [2][-]{subsection.6.2.2}{\376\377\000P\000o\000s\000t\000-\000t\000r\000a\000i\000t\000e\000m\000e\000n\000t\000\040\000s\000p\000\351\000c\000i\000f\000i\000q\000u\000e\000\040\000a\000u\000\040\000s\000t\000a\000t\000o\000r}{section.6.2}% 46
\BOOKMARK [2][-]{subsection.6.2.3}{\376\377\000S\000y\000s\000t\000\350\000m\000e\000\040\000d\000e\000\040\000m\000e\000s\000u\000r\000e\000\040\000g\000\351\000o\000m\000\351\000t\000r\000i\000q\000u\000e}{section.6.2}% 47
\BOOKMARK [1][-]{section.6.3}{\376\377\000P\000i\000p\000e\000l\000i\000n\000e\000\040\000d\000e\000\040\000d\000\351\000t\000e\000c\000t\000i\000o\000n\000\040\040\024\000\040\000C\000h\000i\000g\000n\000o\000n}{chapter.6}% 48
\BOOKMARK [1][-]{section.6.4}{\376\377\000P\000i\000p\000e\000l\000i\000n\000e\000\040\000d\000e\000\040\000d\000\351\000t\000e\000c\000t\000i\000o\000n\000\040\040\024\000\040\000F\000i\000l\000e\000s\000\040\000\050\000c\000\342\000b\000l\000e\000s\000\051}{chapter.6}% 49
\BOOKMARK [2][-]{subsection.6.4.1}{\376\377\000C\000l\000a\000s\000s\000i\000f\000i\000c\000a\000t\000i\000o\000n\000\040\000p\000a\000r\000\040\000c\000o\000u\000l\000e\000u\000r\000\040\000H\000S\000V}{section.6.4}% 50
\BOOKMARK [2][-]{subsection.6.4.2}{\376\377\000G\000e\000s\000t\000i\000o\000n\000\040\000d\000e\000\040\000l\000a\000\040\000f\000u\000s\000i\000o\000n}{section.6.4}% 51
\BOOKMARK [2][-]{subsection.6.4.3}{\376\377\000V\000a\000l\000i\000d\000a\000t\000i\000o\000n\000\040\000d\000e\000\040\000l\000a\000\040\000d\000i\000s\000p\000o\000s\000i\000t\000i\000o\000n\000\040\000g\000a\000u\000c\000h\000e\000-\000d\000r\000o\000i\000t\000e}{section.6.4}% 52
\BOOKMARK [0][-]{chapter.7}{\376\377\000A\000p\000p\000l\000i\000c\000a\000t\000i\000o\000n\000\040\000W\000e\000b}{}% 53
\BOOKMARK [1][-]{section.7.1}{\376\377\000I\000n\000t\000e\000r\000f\000a\000c\000e\000\040\000u\000t\000i\000l\000i\000s\000a\000t\000e\000u\000r}{chapter.7}% 54
\BOOKMARK [1][-]{section.7.2}{\376\377\000S\000y\000s\000t\000\350\000m\000e\000\040\000d\000e\000\040\000m\000o\000n\000i\000t\000o\000r\000i\000n\000g}{chapter.7}% 55
\BOOKMARK [1][-]{section.7.3}{\376\377\000C\000a\000p\000t\000u\000r\000e\000s\000\040\000d\000'\000\351\000c\000r\000a\000n\000\040\000d\000e\000\040\000l\000'\000a\000p\000p\000l\000i\000c\000a\000t\000i\000o\000n}{chapter.7}% 56
\BOOKMARK [0][-]{chapter.8}{\376\377\000O\000p\000t\000i\000m\000i\000s\000a\000t\000i\000o\000n\000s\000\040\000e\000t\000\040\000A\000m\000\351\000l\000i\000o\000r\000a\000t\000i\000o\000n\000s\000\040\000S\000O\000T\000A}{}% 57
\BOOKMARK [1][-]{section.8.1}{\376\377\000O\000p\000t\000i\000m\000i\000s\000a\000t\000i\000o\000n\000\040\000d\000e\000\040\000l\000'\000i\000n\000f\000\351\000r\000e\000n\000c\000e}{chapter.8}% 58
\BOOKMARK [1][-]{section.8.2}{\376\377\000E\000n\000t\000r\000a\000\356\000n\000e\000m\000e\000n\000t\000\040\000s\000u\000r\000\040\000K\000a\000g\000g\000l\000e}{chapter.8}% 59
\BOOKMARK [0][-]{chapter.9}{\376\377\000C\000o\000n\000c\000l\000u\000s\000i\000o\000n\000\040\000e\000t\000\040\000P\000e\000r\000s\000p\000e\000c\000t\000i\000v\000e\000s}{}% 60
\BOOKMARK [1][-]{section.9.1}{\376\377\000B\000i\000l\000a\000n}{chapter.9}% 61
\BOOKMARK [1][-]{section.9.2}{\376\377\000R\000\351\000s\000u\000m\000\351\000\040\000d\000e\000s\000\040\000p\000e\000r\000f\000o\000r\000m\000a\000n\000c\000e\000s}{chapter.9}% 62
\BOOKMARK [1][-]{section.9.3}{\376\377\000P\000e\000r\000s\000p\000e\000c\000t\000i\000v\000e\000s}{chapter.9}% 63
\BOOKMARK [0][-]{appendix.A}{\376\377\000C\000o\000n\000f\000i\000g\000u\000r\000a\000t\000i\000o\000n\000\040\000d\000e\000s\000\040\000h\000y\000p\000e\000r\000p\000a\000r\000a\000m\000\350\000t\000r\000e\000s}{}% 64
